Determining if the pthread_create exist failed with the following output:
Change Dir: /mnt/c/Users/abdelrhman/Documents/C++ Code/CPPND/CppND-Route-Planning-Project/build/CMakeFiles/CMakeTmp

Run Build Command:"/usr/bin/make" "cmTC_9e026/fast"
/usr/bin/make -f CMakeFiles/cmTC_9e026.dir/build.make CMakeFiles/cmTC_9e026.dir/build
make[1]: Entering directory '/mnt/c/Users/abdelrhman/Documents/C++ Code/CPPND/CppND-Route-Planning-Project/build/CMakeFiles/CMakeTmp'
Building C object CMakeFiles/cmTC_9e026.dir/CheckSymbolExists.c.o
/usr/bin/cc    -o CMakeFiles/cmTC_9e026.dir/CheckSymbolExists.c.o   -c "/mnt/c/Users/abdelrhman/Documents/C++ Code/CPPND/CppND-Route-Planning-Project/build/CMakeFiles/CMakeTmp/CheckSymbolExists.c"
Linking C executable cmTC_9e026
/usr/bin/cmake -E cmake_link_script CMakeFiles/cmTC_9e026.dir/link.txt --verbose=1
/usr/bin/cc      -rdynamic CMakeFiles/cmTC_9e026.dir/CheckSymbolExists.c.o  -o cmTC_9e026 
CMakeFiles/cmTC_9e026.dir/CheckSymbolExists.c.o: In function `main':
CheckSymbolExists.c:(.text+0x1b): undefined reference to `pthread_create'
collect2: error: ld returned 1 exit status
CMakeFiles/cmTC_9e026.dir/build.make:97: recipe for target 'cmTC_9e026' failed
make[1]: *** [cmTC_9e026] Error 1
make[1]: Leaving directory '/mnt/c/Users/abdelrhman/Documents/C++ Code/CPPND/CppND-Route-Planning-Project/build/CMakeFiles/CMakeTmp'
Makefile:126: recipe for target 'cmTC_9e026/fast' failed
make: *** [cmTC_9e026/fast] Error 2

File /mnt/c/Users/abdelrhman/Documents/C++ Code/CPPND/CppND-Route-Planning-Project/build/CMakeFiles/CMakeTmp/CheckSymbolExists.c:
/* */
#include <pthread.h>

int main(int argc, char** argv)
{
  (void)argv;
#ifndef pthread_create
  return ((int*)(&pthread_create))[argc];
#else
  (void)argc;
  return 0;
#endif
}

Determining if the function pthread_create exists in the pthreads failed with the following output:
Change Dir: /mnt/c/Users/abdelrhman/Documents/C++ Code/CPPND/CppND-Route-Planning-Project/build/CMakeFiles/CMakeTmp

Run Build Command:"/usr/bin/make" "cmTC_2cbc4/fast"
/usr/bin/make -f CMakeFiles/cmTC_2cbc4.dir/build.make CMakeFiles/cmTC_2cbc4.dir/build
make[1]: Entering directory '/mnt/c/Users/abdelrhman/Documents/C++ Code/CPPND/CppND-Route-Planning-Project/build/CMakeFiles/CMakeTmp'
Building C object CMakeFiles/cmTC_2cbc4.dir/CheckFunctionExists.c.o
/usr/bin/cc   -DCHECK_FUNCTION_EXISTS=pthread_create   -o CMakeFiles/cmTC_2cbc4.dir/CheckFunctionExists.c.o   -c /usr/share/cmake-3.10/Modules/CheckFunctionExists.c
Linking C executable cmTC_2cbc4
/usr/bin/cmake -E cmake_link_script CMakeFiles/cmTC_2cbc4.dir/link.txt --verbose=1
/usr/bin/cc  -DCHECK_FUNCTION_EXISTS=pthread_create    -rdynamic CMakeFiles/cmTC_2cbc4.dir/CheckFunctionExists.c.o  -o cmTC_2cbc4 -lpthreads 
/usr/bin/ld: cannot find -lpthreads
collect2: error: ld returned 1 exit status
CMakeFiles/cmTC_2cbc4.dir/build.make:97: recipe for target 'cmTC_2cbc4' failed
make[1]: *** [cmTC_2cbc4] Error 1
make[1]: Leaving directory '/mnt/c/Users/abdelrhman/Documents/C++ Code/CPPND/CppND-Route-Planning-Project/build/CMakeFiles/CMakeTmp'
Makefile:126: recipe for target 'cmTC_2cbc4/fast' failed
make: *** [cmTC_2cbc4/fast] Error 2


Performing C SOURCE FILE Test CMAKE_HAVE_LIBC_PTHREAD failed with the following output:
Change Dir: /mnt/c/Users/abdelrhman/Documents/C++ Code/CPPND/CppND-Route-Planning-Project/build/CMakeFiles/CMakeTmp

Run Build Command(s):/usr/bin/make cmTC_c3c0f/fast && /usr/bin/make  -f CMakeFiles/cmTC_c3c0f.dir/build.make CMakeFiles/cmTC_c3c0f.dir/build
make[1]: Entering directory '/mnt/c/Users/abdelrhman/Documents/C++ Code/CPPND/CppND-Route-Planning-Project/build/CMakeFiles/CMakeTmp'
Building C object CMakeFiles/cmTC_c3c0f.dir/src.c.o
/usr/bin/cc   -DCMAKE_HAVE_LIBC_PTHREAD -o CMakeFiles/cmTC_c3c0f.dir/src.c.o -c "/mnt/c/Users/abdelrhman/Documents/C++ Code/CPPND/CppND-Route-Planning-Project/build/CMakeFiles/CMakeTmp/src.c"
Linking C executable cmTC_c3c0f
/usr/bin/cmake -E cmake_link_script CMakeFiles/cmTC_c3c0f.dir/link.txt --verbose=1
/usr/bin/cc  -DCMAKE_HAVE_LIBC_PTHREAD -rdynamic CMakeFiles/cmTC_c3c0f.dir/src.c.o -o cmTC_c3c0f 
CMakeFiles/cmTC_c3c0f.dir/src.c.o: In function `main':
src.c:(.text+0x3e): undefined reference to `pthread_create'
src.c:(.text+0x4a): undefined reference to `pthread_detach'
src.c:(.text+0x56): undefined reference to `pthread_cancel'
src.c:(.text+0x67): undefined reference to `pthread_join'
src.c:(.text+0x7b): undefined reference to `pthread_atfork'
collect2: error: ld returned 1 exit status
CMakeFiles/cmTC_c3c0f.dir/build.make:105: recipe for target 'cmTC_c3c0f' failed
make[1]: *** [cmTC_c3c0f] Error 1
make[1]: Leaving directory '/mnt/c/Users/abdelrhman/Documents/C++ Code/CPPND/CppND-Route-Planning-Project/build/CMakeFiles/CMakeTmp'
Makefile:140: recipe for target 'cmTC_c3c0f/fast' failed
make: *** [cmTC_c3c0f/fast] Error 2


Source file was:
#include <pthread.h>

void* test_func(void* data)
{
  return data;
}

int main(void)
{
  pthread_t thread;
  pthread_create(&thread, NULL, test_func, NULL);
  pthread_detach(thread);
  pthread_cancel(thread);
  pthread_join(thread, NULL);
  pthread_atfork(NULL, NULL, NULL);
  pthread_exit(NULL);

  return 0;
}

